{"C:\\Users\\heimd\\Desktop\\bodyfit-app\\App.tsx": {"path":"C:\\Users\\heimd\\Desktop\\bodyfit-app\\App.tsx","statementMap":{"0":{"start":{"line":10,"column":2},"end":{"line":18,"column":4}},"1":{"start":{"line":21,"column":15},"end":{"line":26,"column":2}}},"fnMap":{"0":{"name":"App","decl":{"start":{"line":9,"column":24},"end":{"line":9,"column":27}},"loc":{"start":{"line":9,"column":30},"end":{"line":19,"column":1}},"line":9}},"branchMap":{},"s":{"0":0,"1":0},"f":{"0":0},"b":{}}
,"C:\\Users\\heimd\\Desktop\\bodyfit-app\\database.types.ts": {"path":"C:\\Users\\heimd\\Desktop\\bodyfit-app\\database.types.ts","statementMap":{},"fnMap":{},"branchMap":{},"s":{},"f":{},"b":{}}
,"C:\\Users\\heimd\\Desktop\\bodyfit-app\\jest.config.js": {"path":"C:\\Users\\heimd\\Desktop\\bodyfit-app\\jest.config.js","statementMap":{"0":{"start":{"line":1,"column":0},"end":{"line":16,"column":2}}},"fnMap":{},"branchMap":{},"s":{"0":0},"f":{},"b":{}}
,"C:\\Users\\heimd\\Desktop\\bodyfit-app\\theme.ts": {"path":"C:\\Users\\heimd\\Desktop\\bodyfit-app\\theme.ts","statementMap":{"0":{"start":{"line":3,"column":14},"end":{"line":10,"column":1}}},"fnMap":{},"branchMap":{},"s":{"0":0},"f":{},"b":{}}
,"C:\\Users\\heimd\\Desktop\\bodyfit-app\\hooks\\useQuery.ts": {"path":"C:\\Users\\heimd\\Desktop\\bodyfit-app\\hooks\\useQuery.ts","statementMap":{"0":{"start":{"line":4,"column":24},"end":{"line":29,"column":1}},"1":{"start":{"line":5,"column":26},"end":{"line":5,"column":50}},"2":{"start":{"line":6,"column":32},"end":{"line":6,"column":46}},"3":{"start":{"line":7,"column":28},"end":{"line":7,"column":56}},"4":{"start":{"line":9,"column":20},"end":{"line":22,"column":22}},"5":{"start":{"line":10,"column":4},"end":{"line":21,"column":5}},"6":{"start":{"line":11,"column":6},"end":{"line":11,"column":23}},"7":{"start":{"line":12,"column":59},"end":{"line":12,"column":79}},"8":{"start":{"line":13,"column":6},"end":{"line":15,"column":7}},"9":{"start":{"line":14,"column":8},"end":{"line":14,"column":28}},"10":{"start":{"line":16,"column":6},"end":{"line":16,"column":28}},"11":{"start":{"line":18,"column":6},"end":{"line":18,"column":31}},"12":{"start":{"line":20,"column":6},"end":{"line":20,"column":24}},"13":{"start":{"line":24,"column":2},"end":{"line":26,"column":18}},"14":{"start":{"line":25,"column":4},"end":{"line":25,"column":16}},"15":{"start":{"line":28,"column":2},"end":{"line":28,"column":54}}},"fnMap":{"0":{"name":"(anonymous_0)","decl":{"start":{"line":4,"column":24},"end":{"line":4,"column":25}},"loc":{"start":{"line":4,"column":66},"end":{"line":29,"column":1}},"line":4},"1":{"name":"(anonymous_1)","decl":{"start":{"line":9,"column":32},"end":{"line":9,"column":33}},"loc":{"start":{"line":9,"column":44},"end":{"line":22,"column":3}},"line":9},"2":{"name":"(anonymous_2)","decl":{"start":{"line":24,"column":12},"end":{"line":24,"column":13}},"loc":{"start":{"line":24,"column":18},"end":{"line":26,"column":3}},"line":24}},"branchMap":{"0":{"loc":{"start":{"line":13,"column":6},"end":{"line":15,"column":7}},"type":"if","locations":[{"start":{"line":13,"column":6},"end":{"line":15,"column":7}},{"start":{},"end":{}}],"line":13}},"s":{"0":1,"1":13,"2":13,"3":13,"4":13,"5":5,"6":5,"7":5,"8":4,"9":1,"10":3,"11":1,"12":4,"13":13,"14":4,"15":13},"f":{"0":13,"1":5,"2":4},"b":{"0":[1,3]},"_coverageSchema":"1a1c01bbd47fc00a2c39e90264f33305004495a9","hash":"dd0b4a44131eca13aacaa31dcf0779bd1319b175"}
,"C:\\Users\\heimd\\Desktop\\bodyfit-app\\lib\\supabase.ts": {"path":"C:\\Users\\heimd\\Desktop\\bodyfit-app\\lib\\supabase.ts","statementMap":{"0":{"start":{"line":5,"column":20},"end":{"line":5,"column":56}},"1":{"start":{"line":6,"column":24},"end":{"line":6,"column":65}},"2":{"start":{"line":8,"column":24},"end":{"line":15,"column":2}}},"fnMap":{},"branchMap":{},"s":{"0":0,"1":0,"2":0},"f":{},"b":{}}
,"C:\\Users\\heimd\\Desktop\\bodyfit-app\\screens\\index.tsx": {"path":"C:\\Users\\heimd\\Desktop\\bodyfit-app\\screens\\index.tsx","statementMap":{"0":{"start":{"line":5,"column":16},"end":{"line":16,"column":1}},"1":{"start":{"line":6,"column":1},"end":{"line":15,"column":3}}},"fnMap":{"0":{"name":"(anonymous_0)","decl":{"start":{"line":5,"column":16},"end":{"line":5,"column":17}},"loc":{"start":{"line":5,"column":22},"end":{"line":16,"column":1}},"line":5}},"branchMap":{},"s":{"0":0,"1":0},"f":{"0":0},"b":{}}
,"C:\\Users\\heimd\\Desktop\\bodyfit-app\\screens\\login\\index.tsx": {"path":"C:\\Users\\heimd\\Desktop\\bodyfit-app\\screens\\login\\index.tsx","statementMap":{"0":{"start":{"line":5,"column":20},"end":{"line":13,"column":1}},"1":{"start":{"line":6,"column":2},"end":{"line":12,"column":4}},"2":{"start":{"line":8,"column":46},"end":{"line":8,"column":68}},"3":{"start":{"line":15,"column":15},"end":{"line":22,"column":2}}},"fnMap":{"0":{"name":"(anonymous_0)","decl":{"start":{"line":5,"column":20},"end":{"line":5,"column":21}},"loc":{"start":{"line":5,"column":26},"end":{"line":13,"column":1}},"line":5},"1":{"name":"(anonymous_1)","decl":{"start":{"line":8,"column":40},"end":{"line":8,"column":41}},"loc":{"start":{"line":8,"column":46},"end":{"line":8,"column":68}},"line":8}},"branchMap":{},"s":{"0":0,"1":0,"2":0,"3":0},"f":{"0":0,"1":0},"b":{}}
,"C:\\Users\\heimd\\Desktop\\bodyfit-app\\types\\api.types.ts": {"path":"C:\\Users\\heimd\\Desktop\\bodyfit-app\\types\\api.types.ts","statementMap":{},"fnMap":{},"branchMap":{},"s":{},"f":{},"b":{}}
,"C:\\Users\\heimd\\Desktop\\bodyfit-app\\types\\database.types.ts": {"path":"C:\\Users\\heimd\\Desktop\\bodyfit-app\\types\\database.types.ts","statementMap":{},"fnMap":{},"branchMap":{},"s":{},"f":{},"b":{}}
}
