{"C:\\Users\\heimd\\Desktop\\bodyfit-app\\api\\exercises.ts": {"path":"C:\\Users\\heimd\\Desktop\\bodyfit-app\\api\\exercises.ts","statementMap":{"0":{"start":{"line":5,"column":33},"end":{"line":17,"column":1}},"1":{"start":{"line":8,"column":26},"end":{"line":12,"column":13}},"2":{"start":{"line":14,"column":2},"end":{"line":14,"column":44}},"3":{"start":{"line":14,"column":13},"end":{"line":14,"column":44}},"4":{"start":{"line":16,"column":2},"end":{"line":16,"column":14}},"5":{"start":{"line":19,"column":30},"end":{"line":30,"column":1}},"6":{"start":{"line":22,"column":26},"end":{"line":25,"column":79}},"7":{"start":{"line":27,"column":2},"end":{"line":27,"column":44}},"8":{"start":{"line":27,"column":13},"end":{"line":27,"column":44}},"9":{"start":{"line":29,"column":2},"end":{"line":29,"column":14}},"10":{"start":{"line":32,"column":30},"end":{"line":51,"column":1}},"11":{"start":{"line":36,"column":26},"end":{"line":39,"column":13}},"12":{"start":{"line":41,"column":2},"end":{"line":41,"column":44}},"13":{"start":{"line":41,"column":13},"end":{"line":41,"column":44}},"14":{"start":{"line":43,"column":29},"end":{"line":45,"column":3}},"15":{"start":{"line":44,"column":16},"end":{"line":44,"column":63}},"16":{"start":{"line":46,"column":2},"end":{"line":48,"column":4}},"17":{"start":{"line":50,"column":2},"end":{"line":50,"column":50}},"18":{"start":{"line":53,"column":30},"end":{"line":62,"column":1}},"19":{"start":{"line":56,"column":20},"end":{"line":59,"column":17}},"20":{"start":{"line":61,"column":2},"end":{"line":61,"column":44}},"21":{"start":{"line":61,"column":13},"end":{"line":61,"column":44}},"22":{"start":{"line":64,"column":37},"end":{"line":75,"column":1}},"23":{"start":{"line":67,"column":26},"end":{"line":70,"column":13}},"24":{"start":{"line":72,"column":2},"end":{"line":72,"column":44}},"25":{"start":{"line":72,"column":13},"end":{"line":72,"column":44}},"26":{"start":{"line":74,"column":2},"end":{"line":74,"column":14}},"27":{"start":{"line":77,"column":40},"end":{"line":87,"column":1}},"28":{"start":{"line":81,"column":20},"end":{"line":84,"column":59}},"29":{"start":{"line":86,"column":2},"end":{"line":86,"column":44}},"30":{"start":{"line":86,"column":13},"end":{"line":86,"column":44}}},"fnMap":{"0":{"name":"(anonymous_0)","decl":{"start":{"line":5,"column":33},"end":{"line":5,"column":34}},"loc":{"start":{"line":7,"column":5},"end":{"line":17,"column":1}},"line":7},"1":{"name":"(anonymous_1)","decl":{"start":{"line":19,"column":30},"end":{"line":19,"column":31}},"loc":{"start":{"line":21,"column":5},"end":{"line":30,"column":1}},"line":21},"2":{"name":"(anonymous_2)","decl":{"start":{"line":32,"column":30},"end":{"line":32,"column":31}},"loc":{"start":{"line":35,"column":5},"end":{"line":51,"column":1}},"line":35},"3":{"name":"(anonymous_3)","decl":{"start":{"line":44,"column":4},"end":{"line":44,"column":5}},"loc":{"start":{"line":44,"column":16},"end":{"line":44,"column":63}},"line":44},"4":{"name":"(anonymous_4)","decl":{"start":{"line":53,"column":30},"end":{"line":53,"column":31}},"loc":{"start":{"line":55,"column":5},"end":{"line":62,"column":1}},"line":55},"5":{"name":"(anonymous_5)","decl":{"start":{"line":64,"column":37},"end":{"line":64,"column":38}},"loc":{"start":{"line":66,"column":5},"end":{"line":75,"column":1}},"line":66},"6":{"name":"(anonymous_6)","decl":{"start":{"line":77,"column":40},"end":{"line":77,"column":41}},"loc":{"start":{"line":80,"column":5},"end":{"line":87,"column":1}},"line":80}},"branchMap":{"0":{"loc":{"start":{"line":14,"column":2},"end":{"line":14,"column":44}},"type":"if","locations":[{"start":{"line":14,"column":2},"end":{"line":14,"column":44}},{"start":{},"end":{}}],"line":14},"1":{"loc":{"start":{"line":20,"column":2},"end":{"line":20,"column":18}},"type":"default-arg","locations":[{"start":{"line":20,"column":17},"end":{"line":20,"column":18}}],"line":20},"2":{"loc":{"start":{"line":27,"column":2},"end":{"line":27,"column":44}},"type":"if","locations":[{"start":{"line":27,"column":2},"end":{"line":27,"column":44}},{"start":{},"end":{}}],"line":27},"3":{"loc":{"start":{"line":34,"column":2},"end":{"line":34,"column":27}},"type":"default-arg","locations":[{"start":{"line":34,"column":25},"end":{"line":34,"column":27}}],"line":34},"4":{"loc":{"start":{"line":41,"column":2},"end":{"line":41,"column":44}},"type":"if","locations":[{"start":{"line":41,"column":2},"end":{"line":41,"column":44}},{"start":{},"end":{}}],"line":41},"5":{"loc":{"start":{"line":61,"column":2},"end":{"line":61,"column":44}},"type":"if","locations":[{"start":{"line":61,"column":2},"end":{"line":61,"column":44}},{"start":{},"end":{}}],"line":61},"6":{"loc":{"start":{"line":72,"column":2},"end":{"line":72,"column":44}},"type":"if","locations":[{"start":{"line":72,"column":2},"end":{"line":72,"column":44}},{"start":{},"end":{}}],"line":72},"7":{"loc":{"start":{"line":86,"column":2},"end":{"line":86,"column":44}},"type":"if","locations":[{"start":{"line":86,"column":2},"end":{"line":86,"column":44}},{"start":{},"end":{}}],"line":86}},"s":{"0":1,"1":2,"2":2,"3":1,"4":1,"5":1,"6":2,"7":2,"8":1,"9":1,"10":1,"11":3,"12":3,"13":2,"14":1,"15":2,"16":1,"17":1,"18":1,"19":2,"20":2,"21":1,"22":1,"23":3,"24":3,"25":1,"26":2,"27":1,"28":0,"29":0,"30":0},"f":{"0":2,"1":2,"2":3,"3":2,"4":2,"5":3,"6":0},"b":{"0":[1,1],"1":[0],"2":[1,1],"3":[2],"4":[2,1],"5":[1,1],"6":[1,2],"7":[0,0]},"_coverageSchema":"1a1c01bbd47fc00a2c39e90264f33305004495a9","hash":"54e0887804a3c888513de46010fd519674b5a45b"}
,"C:\\Users\\heimd\\Desktop\\bodyfit-app\\screens\\index.tsx": {"path":"C:\\Users\\heimd\\Desktop\\bodyfit-app\\screens\\index.tsx","statementMap":{"0":{"start":{"line":5,"column":16},"end":{"line":16,"column":1}},"1":{"start":{"line":6,"column":1},"end":{"line":15,"column":3}}},"fnMap":{"0":{"name":"(anonymous_0)","decl":{"start":{"line":5,"column":16},"end":{"line":5,"column":17}},"loc":{"start":{"line":5,"column":22},"end":{"line":16,"column":1}},"line":5}},"branchMap":{},"s":{"0":0,"1":0},"f":{"0":0},"b":{}}
,"C:\\Users\\heimd\\Desktop\\bodyfit-app\\screens\\login\\index.tsx": {"path":"C:\\Users\\heimd\\Desktop\\bodyfit-app\\screens\\login\\index.tsx","statementMap":{"0":{"start":{"line":5,"column":20},"end":{"line":13,"column":1}},"1":{"start":{"line":6,"column":2},"end":{"line":12,"column":4}},"2":{"start":{"line":8,"column":46},"end":{"line":8,"column":68}},"3":{"start":{"line":15,"column":15},"end":{"line":22,"column":2}}},"fnMap":{"0":{"name":"(anonymous_0)","decl":{"start":{"line":5,"column":20},"end":{"line":5,"column":21}},"loc":{"start":{"line":5,"column":26},"end":{"line":13,"column":1}},"line":5},"1":{"name":"(anonymous_1)","decl":{"start":{"line":8,"column":40},"end":{"line":8,"column":41}},"loc":{"start":{"line":8,"column":46},"end":{"line":8,"column":68}},"line":8}},"branchMap":{},"s":{"0":0,"1":0,"2":0,"3":0},"f":{"0":0,"1":0},"b":{}}
}
